aMapLocationDemo/build/outputs/logs/manifest-merger-release-report.txt
-- Merging decision tree log ---
manifest
ADDED from src\main\AndroidManifest.xml:2:1-79:12
	xmlns:android
		ADDED from src\main\AndroidManifest.xml:2:11-69
	package
		ADDED from src\main\AndroidManifest.xml:3:5-37
		INJECTED from src\main\AndroidManifest.xml
		INJECTED from src\main\AndroidManifest.xml
	android:versionName
		ADDED from src\main\AndroidManifest.xml:5:5-30
	android:versionCode
		ADDED from src\main\AndroidManifest.xml:4:5-28
		INJECTED from src\main\AndroidManifest.xml
		INJECTED from src\main\AndroidManifest.xml
uses-sdk
ADDED from src\main\AndroidManifest.xml:7:5-9:41
MERGED from [com.android.support:support-v4:22.2.1] AndroidManifest.xml:20:5-43
	android:targetSdkVersion
		ADDED from src\main\AndroidManifest.xml:9:9-38
		INJECTED from src\main\AndroidManifest.xml
		INJECTED from src\main\AndroidManifest.xml
	android:minSdkVersion
		ADDED from src\main\AndroidManifest.xml:8:9-34
		INJECTED from src\main\AndroidManifest.xml
		INJECTED from src\main\AndroidManifest.xml
application
ADDED from src\main\AndroidManifest.xml:11:5-64:19
MERGED from [com.android.support:support-v4:22.2.1] AndroidManifest.xml:22:5-20
	android:label
		ADDED from src\main\AndroidManifest.xml:14:9-41
	android:allowBackup
		ADDED from src\main\AndroidManifest.xml:12:9-35
	android:icon
		ADDED from src\main\AndroidManifest.xml:13:9-45
	android:theme
		ADDED from src\main\AndroidManifest.xml:15:9-51
meta-data#com.amap.api.v2.apikey
ADDED from src\main\AndroidManifest.xml:17:9-19:64
	android:name
		ADDED from src\main\AndroidManifest.xml:18:13-50
	android:value
		ADDED from src\main\AndroidManifest.xml:19:13-61
activity#com.amap.location.demo.StartActivity
ADDED from src\main\AndroidManifest.xml:21:9-31:20
	android:screenOrientation
		ADDED from src\main\AndroidManifest.xml:24:13-49
	android:label
		ADDED from src\main\AndroidManifest.xml:23:13-45
	android:name
		ADDED from src\main\AndroidManifest.xml:22:13-64
intent-filter#android.intent.action.MAIN+android.intent.category.LAUNCHER
ADDED from src\main\AndroidManifest.xml:26:13-30:29
action#android.intent.action.MAIN
ADDED from src\main\AndroidManifest.xml:27:17-69
	android:name
		ADDED from src\main\AndroidManifest.xml:27:25-66
category#android.intent.category.LAUNCHER
ADDED from src\main\AndroidManifest.xml:29:17-77
	android:name
		ADDED from src\main\AndroidManifest.xml:29:27-74
activity#com.amap.location.demo.CurrentWeatherReportActivity
ADDED from src\main\AndroidManifest.xml:32:9-36:20
	android:screenOrientation
		ADDED from src\main\AndroidManifest.xml:34:15-51
	android:label
		ADDED from src\main\AndroidManifest.xml:35:13-45
	android:name
		ADDED from src\main\AndroidManifest.xml:33:13-79
activity#com.amap.location.demo.FutureWeatherReportActivity
ADDED from src\main\AndroidManifest.xml:37:10-41:20
	android:screenOrientation
		ADDED from src\main\AndroidManifest.xml:39:15-51
	android:label
		ADDED from src\main\AndroidManifest.xml:40:13-45
	android:name
		ADDED from src\main\AndroidManifest.xml:38:13-78
activity#com.amap.location.demo.NetLocationActivity
ADDED from src\main\AndroidManifest.xml:42:10-46:20
	android:screenOrientation
		ADDED from src\main\AndroidManifest.xml:44:15-51
	android:label
		ADDED from src\main\AndroidManifest.xml:45:13-45
	android:name
		ADDED from src\main\AndroidManifest.xml:43:13-70
activity#com.amap.location.demo.MultyLocationActivity
ADDED from src\main\AndroidManifest.xml:48:11-52:20
	android:screenOrientation
		ADDED from src\main\AndroidManifest.xml:50:15-51
	android:label
		ADDED from src\main\AndroidManifest.xml:51:13-45
	android:name
		ADDED from src\main\AndroidManifest.xml:49:13-72
activity#com.amap.location.demo.GeoFenceActivity
ADDED from src\main\AndroidManifest.xml:54:13-58:20
	android:screenOrientation
		ADDED from src\main\AndroidManifest.xml:56:15-51
	android:label
		ADDED from src\main\AndroidManifest.xml:57:13-45
	android:name
		ADDED from src\main\AndroidManifest.xml:55:13-67
activity#com.amap.location.demo.GPSLocationActivity
ADDED from src\main\AndroidManifest.xml:59:13-63:20
	android:screenOrientation
		ADDED from src\main\AndroidManifest.xml:61:15-51
	android:label
		ADDED from src\main\AndroidManifest.xml:62:13-45
	android:name
		ADDED from src\main\AndroidManifest.xml:60:13-70
uses-permission#android.permission.INTERNET
ADDED from src\main\AndroidManifest.xml:66:5-67
	android:name
		ADDED from src\main\AndroidManifest.xml:66:22-64
uses-permission#android.permission.WRITE_EXTERNAL_STORAGE
ADDED from src\main\AndroidManifest.xml:67:5-81
	android:name
		ADDED from src\main\AndroidManifest.xml:67:22-78
uses-permission#android.permission.ACCESS_COARSE_LOCATION
ADDED from src\main\AndroidManifest.xml:68:5-81
	android:name
		ADDED from src\main\AndroidManifest.xml:68:22-78
uses-permission#android.permission.ACCESS_NETWORK_STATE
ADDED from src\main\AndroidManifest.xml:69:5-79
	android:name
		ADDED from src\main\AndroidManifest.xml:69:22-76
uses-permission#android.permission.ACCESS_FINE_LOCATION
ADDED from src\main\AndroidManifest.xml:70:5-79
	android:name
		ADDED from src\main\AndroidManifest.xml:70:22-76
uses-permission#android.permission.READ_PHONE_STATE
ADDED from src\main\AndroidManifest.xml:71:5-75
	android:name
		ADDED from src\main\AndroidManifest.xml:71:22-72
uses-permission#android.permission.CHANGE_WIFI_STATE
ADDED from src\main\AndroidManifest.xml:72:5-76
	android:name
		ADDED from src\main\AndroidManifest.xml:72:22-73
uses-permission#android.permission.ACCESS_WIFI_STATE
ADDED from src\main\AndroidManifest.xml:73:5-76
	android:name
		ADDED from src\main\AndroidManifest.xml:73:22-73
uses-permission#android.permission.CHANGE_CONFIGURATION
ADDED from src\main\AndroidManifest.xml:74:5-79
	android:name
		ADDED from src\main\AndroidManifest.xml:74:22-76
uses-permission#android.permission.WAKE_LOCK
ADDED from src\main\AndroidManifest.xml:75:5-68
	android:name
		ADDED from src\main\AndroidManifest.xml:75:22-65
uses-permission#android.permission.WRITE_SETTINGS
ADDED from src\main\AndroidManifest.xml:77:5-73
	android:name
		ADDED from src\main\AndroidManifest.xml:77:22-70